{"C:\\Users\\Rafae\\reyfow-school-login\\app.ts": {"path":"C:\\Users\\Rafae\\reyfow-school-login\\app.ts","all":false,"statementMap":{"0":{"start":{"line":1,"column":0},"end":{"line":1,"column":73}},"1":{"start":{"line":2,"column":0},"end":{"line":2,"column":93}},"2":{"start":{"line":3,"column":0},"end":{"line":3,"column":91}},"3":{"start":{"line":4,"column":0},"end":{"line":4,"column":0}},"4":{"start":{"line":5,"column":0},"end":{"line":5,"column":57}},"5":{"start":{"line":6,"column":0},"end":{"line":6,"column":0}},"6":{"start":{"line":7,"column":0},"end":{"line":7,"column":101}},"7":{"start":{"line":8,"column":0},"end":{"line":8,"column":40}},"8":{"start":{"line":9,"column":0},"end":{"line":9,"column":46}},"9":{"start":{"line":10,"column":0},"end":{"line":10,"column":0}},"10":{"start":{"line":11,"column":0},"end":{"line":11,"column":9}},"11":{"start":{"line":12,"column":0},"end":{"line":12,"column":37}},"12":{"start":{"line":13,"column":0},"end":{"line":13,"column":74}},"13":{"start":{"line":14,"column":0},"end":{"line":14,"column":90}},"14":{"start":{"line":15,"column":0},"end":{"line":15,"column":0}},"15":{"start":{"line":16,"column":0},"end":{"line":16,"column":20}},"16":{"start":{"line":17,"column":0},"end":{"line":17,"column":28}},"17":{"start":{"line":18,"column":0},"end":{"line":18,"column":34}},"18":{"start":{"line":19,"column":0},"end":{"line":19,"column":32}},"19":{"start":{"line":20,"column":0},"end":{"line":20,"column":15}},"20":{"start":{"line":21,"column":0},"end":{"line":21,"column":22}},"21":{"start":{"line":22,"column":0},"end":{"line":22,"column":52}},"22":{"start":{"line":23,"column":0},"end":{"line":23,"column":14}},"23":{"start":{"line":24,"column":0},"end":{"line":24,"column":10}},"24":{"start":{"line":25,"column":0},"end":{"line":25,"column":48}},"25":{"start":{"line":26,"column":0},"end":{"line":26,"column":24}},"26":{"start":{"line":27,"column":0},"end":{"line":27,"column":25}},"27":{"start":{"line":28,"column":0},"end":{"line":28,"column":57}},"28":{"start":{"line":29,"column":0},"end":{"line":29,"column":5}},"29":{"start":{"line":30,"column":0},"end":{"line":30,"column":20}},"30":{"start":{"line":31,"column":0},"end":{"line":31,"column":2}},"31":{"start":{"line":32,"column":0},"end":{"line":32,"column":0}},"32":{"start":{"line":33,"column":0},"end":{"line":33,"column":96}},"33":{"start":{"line":34,"column":0},"end":{"line":34,"column":12}},"34":{"start":{"line":35,"column":0},"end":{"line":35,"column":19}},"35":{"start":{"line":36,"column":0},"end":{"line":36,"column":35}},"36":{"start":{"line":37,"column":0},"end":{"line":37,"column":6}},"37":{"start":{"line":38,"column":0},"end":{"line":38,"column":2}}},"s":{"0":1,"1":1,"2":1,"3":1,"4":1,"5":1,"6":1,"7":1,"8":1,"9":1,"10":1,"11":1,"12":1,"13":1,"14":1,"15":1,"16":1,"17":1,"18":1,"19":1,"20":1,"21":1,"22":1,"23":1,"24":1,"25":1,"26":1,"27":1,"28":1,"29":1,"30":1,"31":1,"32":1,"33":1,"34":1,"35":1,"36":1,"37":1},"branchMap":{"0":{"type":"branch","line":1,"loc":{"start":{"line":1,"column":0},"end":{"line":38,"column":2}},"locations":[{"start":{"line":1,"column":0},"end":{"line":38,"column":2}}]},"1":{"type":"branch","line":1,"loc":{"start":{"line":1,"column":0},"end":{"line":38,"column":2}},"locations":[{"start":{"line":1,"column":0},"end":{"line":38,"column":2}}]},"2":{"type":"branch","line":3,"loc":{"start":{"line":3,"column":44},"end":{"line":6,"column":1}},"locations":[{"start":{"line":3,"column":44},"end":{"line":6,"column":1}}]},"3":{"type":"branch","line":7,"loc":{"start":{"line":7,"column":19},"end":{"line":14,"column":44}},"locations":[{"start":{"line":7,"column":19},"end":{"line":14,"column":44}}]},"4":{"type":"branch","line":7,"loc":{"start":{"line":7,"column":88},"end":{"line":8,"column":14}},"locations":[{"start":{"line":7,"column":88},"end":{"line":8,"column":14}}]},"5":{"type":"branch","line":13,"loc":{"start":{"line":13,"column":12},"end":{"line":13,"column":27}},"locations":[{"start":{"line":13,"column":12},"end":{"line":13,"column":27}}]},"6":{"type":"branch","line":14,"loc":{"start":{"line":14,"column":65},"end":{"line":17,"column":20}},"locations":[{"start":{"line":14,"column":65},"end":{"line":17,"column":20}}]},"7":{"type":"branch","line":19,"loc":{"start":{"line":19,"column":23},"end":{"line":20,"column":8}},"locations":[{"start":{"line":19,"column":23},"end":{"line":20,"column":8}}]},"8":{"type":"branch","line":33,"loc":{"start":{"line":33,"column":50},"end":{"line":38,"column":2}},"locations":[{"start":{"line":33,"column":50},"end":{"line":38,"column":2}}]}},"b":{"0":[1],"1":[1],"2":[1],"3":[1],"4":[0],"5":[1],"6":[1],"7":[1],"8":[1]},"fnMap":{"0":{"name":"Object.<anonymous>","decl":{"start":{"line":1,"column":0},"end":{"line":38,"column":2}},"loc":{"start":{"line":1,"column":0},"end":{"line":38,"column":2}},"line":1},"1":{"name":"__export","decl":{"start":{"line":3,"column":44},"end":{"line":6,"column":1}},"loc":{"start":{"line":3,"column":44},"end":{"line":6,"column":1}},"line":3},"2":{"name":"__copyProps","decl":{"start":{"line":7,"column":19},"end":{"line":14,"column":44}},"loc":{"start":{"line":7,"column":19},"end":{"line":14,"column":44}},"line":7},"3":{"name":"get","decl":{"start":{"line":13,"column":12},"end":{"line":13,"column":27}},"loc":{"start":{"line":13,"column":12},"end":{"line":13,"column":27}},"line":13},"4":{"name":"__toCommonJS","decl":{"start":{"line":14,"column":65},"end":{"line":17,"column":20}},"loc":{"start":{"line":14,"column":65},"end":{"line":17,"column":20}},"line":14},"5":{"name":"lambdaHandler","decl":{"start":{"line":19,"column":23},"end":{"line":20,"column":8}},"loc":{"start":{"line":19,"column":23},"end":{"line":20,"column":8}},"line":19},"6":{"name":"lambdaHandler","decl":{"start":{"line":33,"column":50},"end":{"line":38,"column":2}},"loc":{"start":{"line":33,"column":50},"end":{"line":38,"column":2}},"line":33}},"f":{"0":1,"1":1,"2":1,"3":1,"4":1,"5":1,"6":1}}
,"C:\\Users\\Rafae\\reyfow-school-login\\src\\reyfow.login\\config\\DynamoDBConfig.ts": {"path":"C:\\Users\\Rafae\\reyfow-school-login\\src\\reyfow.login\\config\\DynamoDBConfig.ts","all":false,"statementMap":{"0":{"start":{"line":1,"column":0},"end":{"line":1,"column":35}},"1":{"start":{"line":2,"column":0},"end":{"line":2,"column":0}},"2":{"start":{"line":3,"column":0},"end":{"line":3,"column":43}},"3":{"start":{"line":4,"column":0},"end":{"line":4,"column":72}},"4":{"start":{"line":5,"column":0},"end":{"line":5,"column":39}},"5":{"start":{"line":6,"column":0},"end":{"line":6,"column":18}},"6":{"start":{"line":7,"column":0},"end":{"line":7,"column":2}}},"s":{"0":1,"1":1,"2":1,"3":1,"4":1,"5":1,"6":1},"branchMap":{"0":{"type":"branch","line":1,"loc":{"start":{"line":1,"column":0},"end":{"line":7,"column":2}},"locations":[{"start":{"line":1,"column":0},"end":{"line":7,"column":2}}]},"1":{"type":"branch","line":1,"loc":{"start":{"line":1,"column":0},"end":{"line":7,"column":2}},"locations":[{"start":{"line":1,"column":0},"end":{"line":7,"column":2}}]},"2":{"type":"branch","line":6,"loc":{"start":{"line":6,"column":15},"end":{"line":7,"column":2}},"locations":[{"start":{"line":6,"column":15},"end":{"line":7,"column":2}}]}},"b":{"0":[1],"1":[1],"2":[1]},"fnMap":{"0":{"name":"Object.<anonymous>","decl":{"start":{"line":1,"column":0},"end":{"line":7,"column":2}},"loc":{"start":{"line":1,"column":0},"end":{"line":7,"column":2}},"line":1},"1":{"name":"__export","decl":{"start":{"line":6,"column":15},"end":{"line":7,"column":2}},"loc":{"start":{"line":6,"column":15},"end":{"line":7,"column":2}},"line":6}},"f":{"0":1,"1":1}}
,"C:\\Users\\Rafae\\reyfow-school-login\\src\\reyfow.login\\error\\BusinessError.ts": {"path":"C:\\Users\\Rafae\\reyfow-school-login\\src\\reyfow.login\\error\\BusinessError.ts","all":false,"statementMap":{"0":{"start":{"line":1,"column":0},"end":{"line":1,"column":42}},"1":{"start":{"line":2,"column":0},"end":{"line":2,"column":0}},"2":{"start":{"line":3,"column":0},"end":{"line":3,"column":41}},"3":{"start":{"line":4,"column":0},"end":{"line":4,"column":0}},"4":{"start":{"line":5,"column":0},"end":{"line":5,"column":54}},"5":{"start":{"line":6,"column":0},"end":{"line":6,"column":23}},"6":{"start":{"line":7,"column":0},"end":{"line":7,"column":38}},"7":{"start":{"line":8,"column":0},"end":{"line":8,"column":5}},"8":{"start":{"line":9,"column":0},"end":{"line":9,"column":0}},"9":{"start":{"line":10,"column":0},"end":{"line":10,"column":30}},"10":{"start":{"line":11,"column":0},"end":{"line":11,"column":32}},"11":{"start":{"line":12,"column":0},"end":{"line":12,"column":5}},"12":{"start":{"line":13,"column":0},"end":{"line":13,"column":1}}},"s":{"0":1,"1":1,"2":1,"3":1,"4":1,"5":1,"6":1,"7":1,"8":1,"9":1,"10":1,"11":1,"12":1},"branchMap":{"0":{"type":"branch","line":1,"loc":{"start":{"line":1,"column":0},"end":{"line":13,"column":1}},"locations":[{"start":{"line":1,"column":0},"end":{"line":13,"column":1}}]},"1":{"type":"branch","line":1,"loc":{"start":{"line":1,"column":0},"end":{"line":13,"column":1}},"locations":[{"start":{"line":1,"column":0},"end":{"line":13,"column":1}}]},"2":{"type":"branch","line":8,"loc":{"start":{"line":8,"column":2},"end":{"line":13,"column":1}},"locations":[{"start":{"line":8,"column":2},"end":{"line":13,"column":1}}]}},"b":{"0":[1],"1":[1],"2":[1]},"fnMap":{"0":{"name":"Object.<anonymous>","decl":{"start":{"line":1,"column":0},"end":{"line":13,"column":1}},"loc":{"start":{"line":1,"column":0},"end":{"line":13,"column":1}},"line":1},"1":{"name":"__export","decl":{"start":{"line":8,"column":2},"end":{"line":13,"column":1}},"loc":{"start":{"line":8,"column":2},"end":{"line":13,"column":1}},"line":8}},"f":{"0":1,"1":1}}
,"C:\\Users\\Rafae\\reyfow-school-login\\src\\reyfow.login\\repository\\UserRepository.ts": {"path":"C:\\Users\\Rafae\\reyfow-school-login\\src\\reyfow.login\\repository\\UserRepository.ts","all":false,"statementMap":{"0":{"start":{"line":1,"column":0},"end":{"line":1,"column":58}},"1":{"start":{"line":2,"column":0},"end":{"line":2,"column":0}},"2":{"start":{"line":3,"column":0},"end":{"line":3,"column":29}},"3":{"start":{"line":4,"column":0},"end":{"line":4,"column":49}},"4":{"start":{"line":5,"column":0},"end":{"line":5,"column":54}},"5":{"start":{"line":6,"column":0},"end":{"line":6,"column":0}},"6":{"start":{"line":7,"column":0},"end":{"line":7,"column":41}},"7":{"start":{"line":8,"column":0},"end":{"line":8,"column":18}},"8":{"start":{"line":9,"column":0},"end":{"line":9,"column":34}},"9":{"start":{"line":10,"column":0},"end":{"line":10,"column":22}},"10":{"start":{"line":11,"column":0},"end":{"line":11,"column":35}},"11":{"start":{"line":12,"column":0},"end":{"line":12,"column":18}},"12":{"start":{"line":13,"column":0},"end":{"line":13,"column":14}},"13":{"start":{"line":14,"column":0},"end":{"line":14,"column":23}},"14":{"start":{"line":15,"column":0},"end":{"line":15,"column":25}},"15":{"start":{"line":16,"column":0},"end":{"line":16,"column":6}},"16":{"start":{"line":17,"column":0},"end":{"line":17,"column":1}}},"s":{"0":1,"1":1,"2":1,"3":1,"4":1,"5":1,"6":1,"7":1,"8":1,"9":1,"10":1,"11":1,"12":1,"13":1,"14":1,"15":1,"16":1},"branchMap":{"0":{"type":"branch","line":1,"loc":{"start":{"line":1,"column":0},"end":{"line":17,"column":1}},"locations":[{"start":{"line":1,"column":0},"end":{"line":17,"column":1}}]},"1":{"type":"branch","line":1,"loc":{"start":{"line":1,"column":0},"end":{"line":17,"column":1}},"locations":[{"start":{"line":1,"column":0},"end":{"line":17,"column":1}}]},"2":{"type":"branch","line":7,"loc":{"start":{"line":7,"column":12},"end":{"line":11,"column":0}},"locations":[{"start":{"line":7,"column":12},"end":{"line":11,"column":0}}]},"3":{"type":"branch","line":11,"loc":{"start":{"line":11,"column":20},"end":{"line":17,"column":1}},"locations":[{"start":{"line":11,"column":20},"end":{"line":17,"column":1}}]},"4":{"type":"branch","line":14,"loc":{"start":{"line":14,"column":16},"end":{"line":15,"column":20}},"locations":[{"start":{"line":14,"column":16},"end":{"line":15,"column":20}}]}},"b":{"0":[1],"1":[1],"2":[1],"3":[1],"4":[0]},"fnMap":{"0":{"name":"Object.<anonymous>","decl":{"start":{"line":1,"column":0},"end":{"line":17,"column":1}},"loc":{"start":{"line":1,"column":0},"end":{"line":17,"column":1}},"line":1},"1":{"name":"__export","decl":{"start":{"line":7,"column":12},"end":{"line":11,"column":0}},"loc":{"start":{"line":7,"column":12},"end":{"line":11,"column":0}},"line":7},"2":{"name":"__copyProps","decl":{"start":{"line":11,"column":20},"end":{"line":17,"column":1}},"loc":{"start":{"line":11,"column":20},"end":{"line":17,"column":1}},"line":11}},"f":{"0":1,"1":1,"2":1}}
,"C:\\Users\\Rafae\\reyfow-school-login\\src\\reyfow.login\\service\\FindUserService.ts": {"path":"C:\\Users\\Rafae\\reyfow-school-login\\src\\reyfow.login\\service\\FindUserService.ts","all":false,"statementMap":{"0":{"start":{"line":1,"column":0},"end":{"line":1,"column":62}},"1":{"start":{"line":2,"column":0},"end":{"line":2,"column":55}},"2":{"start":{"line":3,"column":0},"end":{"line":3,"column":41}},"3":{"start":{"line":4,"column":0},"end":{"line":4,"column":0}},"4":{"start":{"line":5,"column":0},"end":{"line":5,"column":40}},"5":{"start":{"line":6,"column":0},"end":{"line":6,"column":46}},"6":{"start":{"line":7,"column":0},"end":{"line":7,"column":0}},"7":{"start":{"line":8,"column":0},"end":{"line":8,"column":68}},"8":{"start":{"line":9,"column":0},"end":{"line":9,"column":64}},"9":{"start":{"line":10,"column":0},"end":{"line":10,"column":42}},"10":{"start":{"line":11,"column":0},"end":{"line":11,"column":59}},"11":{"start":{"line":12,"column":0},"end":{"line":12,"column":9}},"12":{"start":{"line":13,"column":0},"end":{"line":13,"column":31}},"13":{"start":{"line":14,"column":0},"end":{"line":14,"column":6}},"14":{"start":{"line":15,"column":0},"end":{"line":15,"column":0}},"15":{"start":{"line":16,"column":0},"end":{"line":16,"column":41}},"16":{"start":{"line":17,"column":0},"end":{"line":17,"column":21}},"17":{"start":{"line":18,"column":0},"end":{"line":18,"column":5}},"18":{"start":{"line":19,"column":0},"end":{"line":19,"column":1}}},"s":{"0":1,"1":1,"2":1,"3":1,"4":1,"5":1,"6":1,"7":1,"8":1,"9":1,"10":1,"11":1,"12":1,"13":1,"14":1,"15":1,"16":1,"17":1,"18":1},"branchMap":{"0":{"type":"branch","line":1,"loc":{"start":{"line":1,"column":0},"end":{"line":19,"column":1}},"locations":[{"start":{"line":1,"column":0},"end":{"line":19,"column":1}}]},"1":{"type":"branch","line":1,"loc":{"start":{"line":1,"column":0},"end":{"line":19,"column":1}},"locations":[{"start":{"line":1,"column":0},"end":{"line":19,"column":1}}]},"2":{"type":"branch","line":6,"loc":{"start":{"line":6,"column":6},"end":{"line":8,"column":67}},"locations":[{"start":{"line":6,"column":6},"end":{"line":8,"column":67}}]},"3":{"type":"branch","line":9,"loc":{"start":{"line":9,"column":17},"end":{"line":19,"column":1}},"locations":[{"start":{"line":9,"column":17},"end":{"line":19,"column":1}}]},"4":{"type":"branch","line":10,"loc":{"start":{"line":10,"column":20},"end":{"line":11,"column":5}},"locations":[{"start":{"line":10,"column":20},"end":{"line":11,"column":5}}]},"5":{"type":"branch","line":16,"loc":{"start":{"line":16,"column":30},"end":{"line":17,"column":2}},"locations":[{"start":{"line":16,"column":30},"end":{"line":17,"column":2}}]}},"b":{"0":[1],"1":[1],"2":[1],"3":[1],"4":[0],"5":[1]},"fnMap":{"0":{"name":"Object.<anonymous>","decl":{"start":{"line":1,"column":0},"end":{"line":19,"column":1}},"loc":{"start":{"line":1,"column":0},"end":{"line":19,"column":1}},"line":1},"1":{"name":"__export","decl":{"start":{"line":6,"column":6},"end":{"line":8,"column":67}},"loc":{"start":{"line":6,"column":6},"end":{"line":8,"column":67}},"line":6},"2":{"name":"__copyProps","decl":{"start":{"line":9,"column":17},"end":{"line":19,"column":1}},"loc":{"start":{"line":9,"column":17},"end":{"line":19,"column":1}},"line":9},"3":{"name":"get","decl":{"start":{"line":16,"column":30},"end":{"line":17,"column":2}},"loc":{"start":{"line":16,"column":30},"end":{"line":17,"column":2}},"line":16}},"f":{"0":1,"1":1,"2":1,"3":1}}
,"C:\\Users\\Rafae\\reyfow-school-login\\src\\reyfow.login\\service\\GenerateTokenJwtService.ts": {"path":"C:\\Users\\Rafae\\reyfow-school-login\\src\\reyfow.login\\service\\GenerateTokenJwtService.ts","all":false,"statementMap":{"0":{"start":{"line":1,"column":0},"end":{"line":1,"column":36}},"1":{"start":{"line":2,"column":0},"end":{"line":2,"column":0}},"2":{"start":{"line":3,"column":0},"end":{"line":3,"column":38}},"3":{"start":{"line":4,"column":0},"end":{"line":4,"column":53}},"4":{"start":{"line":5,"column":0},"end":{"line":5,"column":80}},"5":{"start":{"line":6,"column":0},"end":{"line":6,"column":30}},"6":{"start":{"line":7,"column":0},"end":{"line":7,"column":29}},"7":{"start":{"line":8,"column":0},"end":{"line":8,"column":11}},"8":{"start":{"line":9,"column":0},"end":{"line":9,"column":6}},"9":{"start":{"line":10,"column":0},"end":{"line":10,"column":1}}},"s":{"0":1,"1":1,"2":1,"3":1,"4":1,"5":1,"6":1,"7":1,"8":1,"9":1},"branchMap":{"0":{"type":"branch","line":1,"loc":{"start":{"line":1,"column":0},"end":{"line":10,"column":1}},"locations":[{"start":{"line":1,"column":0},"end":{"line":10,"column":1}}]},"1":{"type":"branch","line":1,"loc":{"start":{"line":1,"column":0},"end":{"line":10,"column":1}},"locations":[{"start":{"line":1,"column":0},"end":{"line":10,"column":1}}]},"2":{"type":"branch","line":5,"loc":{"start":{"line":5,"column":79},"end":{"line":10,"column":1}},"locations":[{"start":{"line":5,"column":79},"end":{"line":10,"column":1}}]}},"b":{"0":[1],"1":[1],"2":[1]},"fnMap":{"0":{"name":"Object.<anonymous>","decl":{"start":{"line":1,"column":0},"end":{"line":10,"column":1}},"loc":{"start":{"line":1,"column":0},"end":{"line":10,"column":1}},"line":1},"1":{"name":"__export","decl":{"start":{"line":5,"column":79},"end":{"line":10,"column":1}},"loc":{"start":{"line":5,"column":79},"end":{"line":10,"column":1}},"line":5}},"f":{"0":1,"1":1}}
,"C:\\Users\\Rafae\\reyfow-school-login\\src\\reyfow.login\\service\\ValidCredentialsService.ts": {"path":"C:\\Users\\Rafae\\reyfow-school-login\\src\\reyfow.login\\service\\ValidCredentialsService.ts","all":false,"statementMap":{"0":{"start":{"line":1,"column":0},"end":{"line":1,"column":62}},"1":{"start":{"line":2,"column":0},"end":{"line":2,"column":59}},"2":{"start":{"line":3,"column":0},"end":{"line":3,"column":55}},"3":{"start":{"line":4,"column":0},"end":{"line":4,"column":52}},"4":{"start":{"line":5,"column":0},"end":{"line":5,"column":35}},"5":{"start":{"line":6,"column":0},"end":{"line":6,"column":0}},"6":{"start":{"line":7,"column":0},"end":{"line":7,"column":36}},"7":{"start":{"line":8,"column":0},"end":{"line":8,"column":72}},"8":{"start":{"line":9,"column":0},"end":{"line":9,"column":0}},"9":{"start":{"line":10,"column":0},"end":{"line":10,"column":86}},"10":{"start":{"line":11,"column":0},"end":{"line":11,"column":21}},"11":{"start":{"line":12,"column":0},"end":{"line":12,"column":73}},"12":{"start":{"line":13,"column":0},"end":{"line":13,"column":9}},"13":{"start":{"line":14,"column":0},"end":{"line":14,"column":63}},"14":{"start":{"line":15,"column":0},"end":{"line":15,"column":72}},"15":{"start":{"line":16,"column":0},"end":{"line":16,"column":74}},"16":{"start":{"line":17,"column":0},"end":{"line":17,"column":0}},"17":{"start":{"line":18,"column":0},"end":{"line":18,"column":34}},"18":{"start":{"line":19,"column":0},"end":{"line":19,"column":73}},"19":{"start":{"line":20,"column":0},"end":{"line":20,"column":9}},"20":{"start":{"line":21,"column":0},"end":{"line":21,"column":62}},"21":{"start":{"line":22,"column":0},"end":{"line":22,"column":6}},"22":{"start":{"line":23,"column":0},"end":{"line":23,"column":1}}},"s":{"0":1,"1":1,"2":1,"3":1,"4":1,"5":1,"6":1,"7":1,"8":1,"9":1,"10":1,"11":1,"12":1,"13":1,"14":1,"15":1,"16":1,"17":1,"18":1,"19":1,"20":1,"21":1,"22":1},"branchMap":{"0":{"type":"branch","line":1,"loc":{"start":{"line":1,"column":0},"end":{"line":23,"column":1}},"locations":[{"start":{"line":1,"column":0},"end":{"line":23,"column":1}}]},"1":{"type":"branch","line":1,"loc":{"start":{"line":1,"column":0},"end":{"line":23,"column":1}},"locations":[{"start":{"line":1,"column":0},"end":{"line":23,"column":1}}]},"2":{"type":"branch","line":4,"loc":{"start":{"line":4,"column":32},"end":{"line":8,"column":12}},"locations":[{"start":{"line":4,"column":32},"end":{"line":8,"column":12}}]},"3":{"type":"branch","line":8,"loc":{"start":{"line":8,"column":32},"end":{"line":15,"column":40}},"locations":[{"start":{"line":8,"column":32},"end":{"line":15,"column":40}}]},"4":{"type":"branch","line":10,"loc":{"start":{"line":10,"column":25},"end":{"line":10,"column":54}},"locations":[{"start":{"line":10,"column":25},"end":{"line":10,"column":54}}]},"5":{"type":"branch","line":13,"loc":{"start":{"line":13,"column":8},"end":{"line":14,"column":12}},"locations":[{"start":{"line":13,"column":8},"end":{"line":14,"column":12}}]},"6":{"type":"branch","line":15,"loc":{"start":{"line":15,"column":61},"end":{"line":16,"column":58}},"locations":[{"start":{"line":15,"column":61},"end":{"line":16,"column":58}}]},"7":{"type":"branch","line":19,"loc":{"start":{"line":19,"column":21},"end":{"line":19,"column":48}},"locations":[{"start":{"line":19,"column":21},"end":{"line":19,"column":48}}]}},"b":{"0":[1],"1":[1],"2":[1],"3":[1],"4":[0],"5":[1],"6":[1],"7":[1]},"fnMap":{"0":{"name":"Object.<anonymous>","decl":{"start":{"line":1,"column":0},"end":{"line":23,"column":1}},"loc":{"start":{"line":1,"column":0},"end":{"line":23,"column":1}},"line":1},"1":{"name":"__export","decl":{"start":{"line":4,"column":32},"end":{"line":8,"column":12}},"loc":{"start":{"line":4,"column":32},"end":{"line":8,"column":12}},"line":4},"2":{"name":"__copyProps","decl":{"start":{"line":8,"column":32},"end":{"line":15,"column":40}},"loc":{"start":{"line":8,"column":32},"end":{"line":15,"column":40}},"line":8},"3":{"name":"get","decl":{"start":{"line":13,"column":8},"end":{"line":14,"column":12}},"loc":{"start":{"line":13,"column":8},"end":{"line":14,"column":12}},"line":13},"4":{"name":"__toCommonJS","decl":{"start":{"line":15,"column":61},"end":{"line":16,"column":58}},"loc":{"start":{"line":15,"column":61},"end":{"line":16,"column":58}},"line":15},"5":{"name":"GetCredentialsService","decl":{"start":{"line":19,"column":21},"end":{"line":19,"column":48}},"loc":{"start":{"line":19,"column":21},"end":{"line":19,"column":48}},"line":19}},"f":{"0":1,"1":1,"2":1,"3":1,"4":1,"5":1}}
}
