TN:
SF:app.ts
FN:1,Object.<anonymous>
FN:3,__export
FN:7,__copyProps
FN:13,get
FN:14,__toCommonJS
FN:19,lambdaHandler
FN:33,lambdaHandler
FNF:7
FNH:7
FNDA:1,Object.<anonymous>
FNDA:1,__export
FNDA:1,__copyProps
FNDA:1,get
FNDA:1,__toCommonJS
FNDA:1,lambdaHandler
FNDA:1,lambdaHandler
DA:1,1
DA:2,1
DA:3,1
DA:4,1
DA:5,1
DA:6,1
DA:7,1
DA:8,1
DA:9,1
DA:10,1
DA:11,1
DA:12,1
DA:13,1
DA:14,1
DA:15,1
DA:16,1
DA:17,1
DA:18,1
DA:19,1
DA:20,1
DA:21,1
DA:22,1
DA:23,1
DA:24,1
DA:25,1
DA:26,1
DA:27,1
DA:28,1
DA:29,1
DA:30,1
DA:31,1
DA:32,1
DA:33,1
DA:34,1
DA:35,1
DA:36,1
DA:37,1
DA:38,1
LF:38
LH:38
BRDA:1,0,0,1
BRDA:1,1,0,1
BRDA:3,2,0,1
BRDA:7,3,0,1
BRDA:7,4,0,0
BRDA:13,5,0,1
BRDA:14,6,0,1
BRDA:19,7,0,1
BRDA:33,8,0,1
BRF:9
BRH:8
end_of_record
TN:
SF:src\reyfow.login\config\DynamoDBConfig.ts
FN:1,Object.<anonymous>
FN:6,__export
FNF:2
FNH:2
FNDA:1,Object.<anonymous>
FNDA:1,__export
DA:1,1
DA:2,1
DA:3,1
DA:4,1
DA:5,1
DA:6,1
DA:7,1
LF:7
LH:7
BRDA:1,0,0,1
BRDA:1,1,0,1
BRDA:6,2,0,1
BRF:3
BRH:3
end_of_record
TN:
SF:src\reyfow.login\error\BusinessError.ts
FN:1,Object.<anonymous>
FN:8,__export
FNF:2
FNH:2
FNDA:1,Object.<anonymous>
FNDA:1,__export
DA:1,1
DA:2,1
DA:3,1
DA:4,1
DA:5,1
DA:6,1
DA:7,1
DA:8,1
DA:9,1
DA:10,1
DA:11,1
DA:12,1
DA:13,1
LF:13
LH:13
BRDA:1,0,0,1
BRDA:1,1,0,1
BRDA:8,2,0,1
BRF:3
BRH:3
end_of_record
TN:
SF:src\reyfow.login\repository\UserRepository.ts
FN:1,Object.<anonymous>
FN:7,__export
FN:11,__copyProps
FNF:3
FNH:3
FNDA:1,Object.<anonymous>
FNDA:1,__export
FNDA:1,__copyProps
DA:1,1
DA:2,1
DA:3,1
DA:4,1
DA:5,1
DA:6,1
DA:7,1
DA:8,1
DA:9,1
DA:10,1
DA:11,1
DA:12,1
DA:13,1
DA:14,1
DA:15,1
DA:16,1
DA:17,1
LF:17
LH:17
BRDA:1,0,0,1
BRDA:1,1,0,1
BRDA:7,2,0,1
BRDA:11,3,0,1
BRDA:14,4,0,0
BRF:5
BRH:4
end_of_record
TN:
SF:src\reyfow.login\service\FindUserService.ts
FN:1,Object.<anonymous>
FN:6,__export
FN:9,__copyProps
FN:16,get
FNF:4
FNH:4
FNDA:1,Object.<anonymous>
FNDA:1,__export
FNDA:1,__copyProps
FNDA:1,get
DA:1,1
DA:2,1
DA:3,1
DA:4,1
DA:5,1
DA:6,1
DA:7,1
DA:8,1
DA:9,1
DA:10,1
DA:11,1
DA:12,1
DA:13,1
DA:14,1
DA:15,1
DA:16,1
DA:17,1
DA:18,1
DA:19,1
LF:19
LH:19
BRDA:1,0,0,1
BRDA:1,1,0,1
BRDA:6,2,0,1
BRDA:9,3,0,1
BRDA:10,4,0,0
BRDA:16,5,0,1
BRF:6
BRH:5
end_of_record
TN:
SF:src\reyfow.login\service\GenerateTokenJwtService.ts
FN:1,Object.<anonymous>
FN:5,__export
FNF:2
FNH:2
FNDA:1,Object.<anonymous>
FNDA:1,__export
DA:1,1
DA:2,1
DA:3,1
DA:4,1
DA:5,1
DA:6,1
DA:7,1
DA:8,1
DA:9,1
DA:10,1
LF:10
LH:10
BRDA:1,0,0,1
BRDA:1,1,0,1
BRDA:5,2,0,1
BRF:3
BRH:3
end_of_record
TN:
SF:src\reyfow.login\service\ValidCredentialsService.ts
FN:1,Object.<anonymous>
FN:4,__export
FN:8,__copyProps
FN:13,get
FN:15,__toCommonJS
FN:19,GetCredentialsService
FNF:6
FNH:6
FNDA:1,Object.<anonymous>
FNDA:1,__export
FNDA:1,__copyProps
FNDA:1,get
FNDA:1,__toCommonJS
FNDA:1,GetCredentialsService
DA:1,1
DA:2,1
DA:3,1
DA:4,1
DA:5,1
DA:6,1
DA:7,1
DA:8,1
DA:9,1
DA:10,1
DA:11,1
DA:12,1
DA:13,1
DA:14,1
DA:15,1
DA:16,1
DA:17,1
DA:18,1
DA:19,1
DA:20,1
DA:21,1
DA:22,1
DA:23,1
LF:23
LH:23
BRDA:1,0,0,1
BRDA:1,1,0,1
BRDA:4,2,0,1
BRDA:8,3,0,1
BRDA:10,4,0,0
BRDA:13,5,0,1
BRDA:15,6,0,1
BRDA:19,7,0,1
BRF:8
BRH:7
end_of_record
